\BOOKMARK [0][-]{chapter.1}{1 Introducci\363n}{}
\BOOKMARK [1][-]{section.1.1}{1.1 Introducci\363n}{chapter.1}
\BOOKMARK [0][-]{chapter.2}{2 Instalaci\363n y desinstalaci\363n}{}
\BOOKMARK [1][-]{section.2.1}{2.1 Requisitos del sistema}{chapter.2}
\BOOKMARK [2][-]{subsection.2.1.1}{2.1.1 Requisitos de Hardware}{section.2.1}
\BOOKMARK [2][-]{subsection.2.1.2}{2.1.2 Requisitos de Software}{section.2.1}
\BOOKMARK [1][-]{section.2.2}{2.2 Proceso de instalaci\363n}{chapter.2}
\BOOKMARK [1][-]{section.2.3}{2.3 Proceso de desinstalaci\363n}{chapter.2}
\BOOKMARK [0][-]{chapter.3}{3 Caracter\355sticas de la interfaz}{}
\BOOKMARK [1][-]{section.3.1}{3.1 Introducci\363n}{chapter.3}
\BOOKMARK [1][-]{section.3.2}{3.2 P\341gina inicial}{chapter.3}
\BOOKMARK [1][-]{section.3.3}{3.3 Gesti\363n de la informaci\363n}{chapter.3}
\BOOKMARK [2][-]{subsection.3.3.1}{3.3.1 Lista de elementos}{section.3.3}
\BOOKMARK [2][-]{subsection.3.3.2}{3.3.2 Adici\363n de elementos}{section.3.3}
\BOOKMARK [2][-]{subsection.3.3.3}{3.3.3 Actualizaci\363n de elementos}{section.3.3}
\BOOKMARK [2][-]{subsection.3.3.4}{3.3.4 Eliminaci\363n de elementos}{section.3.3}
\BOOKMARK [0][-]{chapter.4}{4 Funcionamiento de la aplicaci\363n}{}
\BOOKMARK [1][-]{section.4.1}{4.1 Introducci\363n}{chapter.4}
\BOOKMARK [1][-]{section.4.2}{4.2 Acceso al sistema}{chapter.4}
\BOOKMARK [2][-]{subsection.4.2.1}{4.2.1 Recordar contrase\361a}{section.4.2}
\BOOKMARK [1][-]{section.4.3}{4.3 Gesti\363n: Administrador principal}{chapter.4}
\BOOKMARK [2][-]{subsection.4.3.1}{4.3.1 Introducci\363n}{section.4.3}
\BOOKMARK [2][-]{subsection.4.3.2}{4.3.2 Centro}{section.4.3}
\BOOKMARK [2][-]{subsection.4.3.3}{4.3.3 Administrador de centro}{section.4.3}
\BOOKMARK [2][-]{subsection.4.3.4}{4.3.4 Centro - Administrador de centro}{section.4.3}
\BOOKMARK [2][-]{subsection.4.3.5}{4.3.5 Titulaci\363n}{section.4.3}
\BOOKMARK [2][-]{subsection.4.3.6}{4.3.6 Asignatura}{section.4.3}
\BOOKMARK [2][-]{subsection.4.3.7}{4.3.7 Asignatura curso acad\351mico}{section.4.3}
\BOOKMARK [2][-]{subsection.4.3.8}{4.3.8 Departamento}{section.4.3}
\BOOKMARK [2][-]{subsection.4.3.9}{4.3.9 Asesor}{section.4.3}
\BOOKMARK [2][-]{subsection.4.3.10}{4.3.10 Asesor curso acad\351mico}{section.4.3}
\BOOKMARK [2][-]{subsection.4.3.11}{4.3.11 Alumno}{section.4.3}
\BOOKMARK [2][-]{subsection.4.3.12}{4.3.12 Alumno curso acad\351mico}{section.4.3}
\BOOKMARK [1][-]{section.4.4}{4.4 Gesti\363n: Administrador de centro}{chapter.4}
\BOOKMARK [2][-]{subsection.4.4.1}{4.4.1 Introducci\363n}{section.4.4}
\BOOKMARK [1][-]{section.4.5}{4.5 Explotaci\363n del sistema}{chapter.4}
\BOOKMARK [1][-]{section.4.6}{4.6 Copia de seguridad}{chapter.4}
\BOOKMARK [2][-]{subsection.4.6.1}{4.6.1 Creaci\363n de una copia de seguridad}{section.4.6}
\BOOKMARK [2][-]{subsection.4.6.2}{4.6.2 Restauraci\363n de una copia de seguridad}{section.4.6}
\BOOKMARK [0][-]{chapter.5}{5 Ejemplos pr\341cticos}{}
\BOOKMARK [0][-]{section*.202}{Bibliograf\355a}{}
